example/build/app/intermediates/manifest_merge_blame_file/debug/manifest-merger-blame-debug-report.txt
1<?xml version="1.0" encoding="utf-8"?>
2<manifest xmlns:android="http://schemas.android.com/apk/res/android"
3    package="plugins.cachet.audio_streamer_example"
4    android:versionCode="1"
5    android:versionName="1.0" >
6
7    <uses-sdk
8        android:minSdkVersion="16"
9        android:targetSdkVersion="31" />
10    <!--
11         Flutter needs it to communicate with the running application
12         to allow setting breakpoints, to provide hot reload, etc.
13    -->
14    <uses-permission android:name="android.permission.INTERNET" />
14-->src/debug/AndroidManifest.xml:6:5-66
14-->src/debug/AndroidManifest.xml:6:22-64
15    <uses-permission android:name="android.permission.RECORD_AUDIO" />
15-->src/debug/AndroidManifest.xml:7:5-71
15-->src/debug/AndroidManifest.xml:7:22-68
16
17    <application
18        android:name="android.app.Application"
19        android:appComponentFactory="androidx.core.app.CoreComponentFactory"
19-->[androidx.core:core:1.6.0] AndroidManifest.xml:24:18-86
20        android:debuggable="true"
21        android:icon="@mipmap/ic_launcher"
22        android:label="audio_streamer_example" >
23        <activity
24            android:name="plugins.cachet.audio_streamer_example.MainActivity"
25            android:configChanges="orientation|keyboardHidden|keyboard|screenSize|smallestScreenSize|locale|layoutDirection|fontScale|screenLayout|density|uiMode"
26            android:exported="true"
27            android:hardwareAccelerated="true"
28            android:launchMode="singleTop"
29            android:theme="@style/LaunchTheme"
30            android:windowSoftInputMode="adjustResize" >
31            <intent-filter>
32                <action android:name="android.intent.action.MAIN" />
33
34                <category android:name="android.intent.category.LAUNCHER" />
35            </intent-filter>
36        </activity>
37        <!--
38             Don't delete the meta-data below.
39             This is used by the Flutter tool to generate GeneratedPluginRegistrant.java
40        -->
41        <meta-data
42            android:name="flutterEmbedding"
43            android:value="2" />
44
45        <uses-library
45-->[androidx.window:window:1.0.0-beta04] AndroidManifest.xml:25:9-27:40
46            android:name="androidx.window.extensions"
46-->[androidx.window:window:1.0.0-beta04] AndroidManifest.xml:26:13-54
47            android:required="false" />
47-->[androidx.window:window:1.0.0-beta04] AndroidManifest.xml:27:13-37
48        <uses-library
48-->[androidx.window:window:1.0.0-beta04] AndroidManifest.xml:28:9-30:40
49            android:name="androidx.window.sidecar"
49-->[androidx.window:window:1.0.0-beta04] AndroidManifest.xml:29:13-51
50            android:required="false" />
50-->[androidx.window:window:1.0.0-beta04] AndroidManifest.xml:30:13-37
51    </application>
52
53</manifest>